<?xml version="1.0" encoding="UTF-8"?>
<!-- Generated by org.testng.reporters.JUnitReportReporter -->
<testsuite hostname="RACD-002157" name="com.investaSolutions.tests.VerifyInstrumentManagementsTest" tests="1" failures="0" timestamp="19 Jul 2019 07:24:32 GMT" time="19.656" errors="0">
  <testcase name="testInstrumentManagementTest" time="19.656" classname="com.investaSolutions.tests.VerifyInstrumentManagementsTest"/>
</testsuite> <!-- com.investaSolutions.tests.VerifyInstrumentManagementsTest -->
